<?xml version="1.0" encoding="UTF-8"?>
<!-- Generated by org.testng.reporters.JUnitXMLReporter -->
<testsuite ignored="0" hostname="kahinas-MBP.fios-router.home" failures="1" tests="10" name="Delta_AirlineHomePage" time="102.778" errors="0" timestamp="2020-06-13T21:41:52 EDT">
  <testcase classname="hometest.Delta_AirlineHomeTest" name="testDeltaCarriersSearchPage" time="3.207"/>
  <testcase classname="hometest.Delta_AirlineHomeTest" name="testCheckNotifications" time="3.774"/>
  <testcase classname="hometest.Delta_AirlineHomeTest" name="testCheckFlightStatus" time="5.201"/>
  <testcase classname="hometest.Delta_AirlineHomeTest" name="testSearchButton" time="3.038"/>
  <testcase classname="hometest.Delta_AirlineHomeTest" name="testScrollDown" time="32.316">
    <failure type="org.openqa.selenium.ScriptTimeoutException" message="script timeout
  (Session info: chrome=83.0.4103.97)
Build info: version: &amp;apos;3.141.59&amp;apos;, revision: &amp;apos;e82be7d358&amp;apos;, time: &amp;apos;2018-11-14T08:17:03&amp;apos;
System info: host: &amp;apos;kahinas-MBP.fios-router.home&amp;apos;, ip: &amp;apos;fe80:0:0:0:1487:c375:8184:71ee%en0&amp;apos;, os.name: &amp;apos;Mac OS X&amp;apos;, os.arch: &amp;apos;x86_64&amp;apos;, os.version: &amp;apos;10.15.5&amp;apos;, java.version: &amp;apos;13.0.2&amp;apos;
Driver info: org.openqa.selenium.chrome.ChromeDriver
Capabilities {acceptInsecureCerts: false, browserName: chrome, browserVersion: 83.0.4103.97, chrome: {chromedriverVersion: 83.0.4103.39 (ccbf011cb2d2b..., userDataDir: /var/folders/s2/jkfjw_0s03z...}, goog:chromeOptions: {debuggerAddress: localhost:49770}, javascriptEnabled: true, networkConnectionEnabled: false, pageLoadStrategy: normal, platform: MAC, platformName: MAC, proxy: Proxy(), setWindowRect: true, strictFileInteractability: false, timeouts: {implicit: 0, pageLoad: 300000, script: 30000}, unhandledPromptBehavior: dismiss and notify, webauthn:virtualAuthenticators: true}
Session ID: d47a67ac55f030b8795b32bf2c8a729f">
      <![CDATA[org.openqa.selenium.ScriptTimeoutException: script timeout
  (Session info: chrome=83.0.4103.97)
Build info: version: '3.141.59', revision: 'e82be7d358', time: '2018-11-14T08:17:03'
System info: host: 'kahinas-MBP.fios-router.home', ip: 'fe80:0:0:0:1487:c375:8184:71ee%en0', os.name: 'Mac OS X', os.arch: 'x86_64', os.version: '10.15.5', java.version: '13.0.2'
Driver info: org.openqa.selenium.chrome.ChromeDriver
Capabilities {acceptInsecureCerts: false, browserName: chrome, browserVersion: 83.0.4103.97, chrome: {chromedriverVersion: 83.0.4103.39 (ccbf011cb2d2b..., userDataDir: /var/folders/s2/jkfjw_0s03z...}, goog:chromeOptions: {debuggerAddress: localhost:49770}, javascriptEnabled: true, networkConnectionEnabled: false, pageLoadStrategy: normal, platform: MAC, platformName: MAC, proxy: Proxy(), setWindowRect: true, strictFileInteractability: false, timeouts: {implicit: 0, pageLoad: 300000, script: 30000}, unhandledPromptBehavior: dismiss and notify, webauthn:virtualAuthenticators: true}
Session ID: d47a67ac55f030b8795b32bf2c8a729f
at org.openqa.selenium.remote.http.W3CHttpResponseCodec.createException(W3CHttpResponseCodec.java:187)
at org.openqa.selenium.remote.http.W3CHttpResponseCodec.decode(W3CHttpResponseCodec.java:122)
at org.openqa.selenium.remote.http.W3CHttpResponseCodec.decode(W3CHttpResponseCodec.java:49)
at org.openqa.selenium.remote.HttpCommandExecutor.execute(HttpCommandExecutor.java:158)
at org.openqa.selenium.remote.service.DriverCommandExecutor.execute(DriverCommandExecutor.java:83)
at org.openqa.selenium.remote.RemoteWebDriver.execute(RemoteWebDriver.java:552)
at org.openqa.selenium.remote.RemoteWebDriver.executeAsyncScript(RemoteWebDriver.java:506)
at homepage.Delta_AirlineHomePage.scrollDown(Delta_AirlineHomePage.java:129)
at hometest.Delta_AirlineHomeTest.testScrollDown(Delta_AirlineHomeTest.java:38)
at java.base/java.util.ArrayList.forEach(ArrayList.java:1507)
... Removed 36 stack frames]]>
    </failure>
  </testcase> <!-- testScrollDown -->
  <testcase classname="hometest.Delta_AirlineHomeTest" name="testGetTextFromWebElements" time="10.499"/>
  <testcase classname="hometest.Delta_AirlineHomeTest" name="testUseMouseHover" time="4.987"/>
  <testcase classname="hometest.Delta_AirlineHomeTest" name="testHandleAlertPage" time="1.159"/>
  <testcase classname="hometest.Delta_AirlineHomeTest" name="testUseCheckBoxButton" time="2.998"/>
  <testcase classname="hometest.Delta_AirlineHomeTest" name="testReadDeltaLogoImage" time="1.138"/>
</testsuite> <!-- Delta_AirlineHomePage -->
